# JRE version: OpenJDK Runtime Environment (8.0_152-b01) (build 1.8.0_152-release-915-b01)
# Java VM: OpenJDK 64-Bit Server VM (25.152-b01 mixed mode windows-amd64 compressed oops)
Heap:
 PSYoungGen      total 167936K, used 29667K [0x00000000e0000000, 0x00000000f0500000, 0x0000000100000000)
  eden space 148992K, 19% used [0x00000000e0000000,0x00000000e1cf8e80,0x00000000e9180000)
  from space 18944K, 0% used [0x00000000e9180000,0x00000000e9180000,0x00000000ea400000)
  to   space 25088K, 0% used [0x00000000eec80000,0x00000000eec80000,0x00000000f0500000)
 ParOldGen       total 213504K, used 49975K [0x00000000a0000000, 0x00000000ad080000, 0x00000000e0000000)
  object space 213504K, 23% used [0x00000000a0000000,0x00000000a30cdf68,0x00000000ad080000)
 Metaspace       used 59442K, capacity 62188K, committed 62464K, reserved 1103872K
  class space    used 7988K, capacity 8678K, committed 8704K, reserved 1048576K
GC Heap History (10 events):
Event: 50.286 GC heap before
{Heap before GC invocations=10 (full 2):
 PSYoungGen      total 106496K, used 93184K [0x00000000e0000000, 0x00000000e7f00000, 0x0000000100000000)
  eden space 93184K, 100% used [0x00000000e0000000,0x00000000e5b00000,0x00000000e5b00000)
  from space 13312K, 0% used [0x00000000e5b00000,0x00000000e5b00000,0x00000000e6800000)
  to   space 12800K, 0% used [0x00000000e7280000,0x00000000e7280000,0x00000000e7f00000)
 ParOldGen       total 145408K, used 14813K [0x00000000a0000000, 0x00000000a8e00000, 0x00000000e0000000)
  object space 145408K, 10% used [0x00000000a0000000,0x00000000a0e77478,0x00000000a8e00000)
 Metaspace       used 41380K, capacity 42190K, committed 42496K, reserved 1085440K
  class space    used 5530K, capacity 5866K, committed 5888K, reserved 1048576K
Event: 50.462 GC heap after
Heap after GC invocations=10 (full 2):
 PSYoungGen      total 117248K, used 10048K [0x00000000e0000000, 0x00000000eb380000, 0x0000000100000000)
  eden space 104448K, 0% used [0x00000000e0000000,0x00000000e0000000,0x00000000e6600000)
  from space 12800K, 78% used [0x00000000e7280000,0x00000000e7c50010,0x00000000e7f00000)
  to   space 12800K, 0% used [0x00000000e6600000,0x00000000e6600000,0x00000000e7280000)
 ParOldGen       total 145408K, used 14821K [0x00000000a0000000, 0x00000000a8e00000, 0x00000000e0000000)
  object space 145408K, 10% used [0x00000000a0000000,0x00000000a0e79478,0x00000000a8e00000)
 Metaspace       used 41380K, capacity 42190K, committed 42496K, reserved 1085440K
  class space    used 5530K, capacity 5866K, committed 5888K, reserved 1048576K
}
Event: 60.761 GC heap before
{Heap before GC invocations=11 (full 2):
 PSYoungGen      total 117248K, used 114496K [0x00000000e0000000, 0x00000000eb380000, 0x0000000100000000)
  eden space 104448K, 100% used [0x00000000e0000000,0x00000000e6600000,0x00000000e6600000)
  from space 12800K, 78% used [0x00000000e7280000,0x00000000e7c50010,0x00000000e7f00000)
  to   space 12800K, 0% used [0x00000000e6600000,0x00000000e6600000,0x00000000e7280000)
 ParOldGen       total 145408K, used 14821K [0x00000000a0000000, 0x00000000a8e00000, 0x00000000e0000000)
  object space 145408K, 10% used [0x00000000a0000000,0x00000000a0e79478,0x00000000a8e00000)
 Metaspace       used 49319K, capacity 50712K, committed 50944K, reserved 1093632K
  class space    used 6640K, capacity 7054K, committed 7168K, reserved 1048576K
Event: 61.142 GC heap after
Heap after GC invocations=11 (full 2):
 PSYoungGen      total 117248K, used 12798K [0x00000000e0000000, 0x00000000eb280000, 0x0000000100000000)
  eden space 104448K, 0% used [0x00000000e0000000,0x00000000e0000000,0x00000000e6600000)
  from space 12800K, 99% used [0x00000000e6600000,0x00000000e727fbd8,0x00000000e7280000)
  to   space 14848K, 0% used [0x00000000ea400000,0x00000000ea400000,0x00000000eb280000)
 ParOldGen       total 145408K, used 17111K [0x00000000a0000000, 0x00000000a8e00000, 0x00000000e0000000)
  object space 145408K, 11% used [0x00000000a0000000,0x00000000a10b5f78,0x00000000a8e00000)
 Metaspace       used 49319K, capacity 50712K, committed 50944K, reserved 1093632K
  class space    used 6640K, capacity 7054K, committed 7168K, reserved 1048576K
}
Event: 63.443 GC heap before
{Heap before GC invocations=12 (full 2):
 PSYoungGen      total 117248K, used 117246K [0x00000000e0000000, 0x00000000eb280000, 0x0000000100000000)
  eden space 104448K, 100% used [0x00000000e0000000,0x00000000e6600000,0x00000000e6600000)
  from space 12800K, 99% used [0x00000000e6600000,0x00000000e727fbd8,0x00000000e7280000)
  to   space 14848K, 0% used [0x00000000ea400000,0x00000000ea400000,0x00000000eb280000)
 ParOldGen       total 145408K, used 17111K [0x00000000a0000000, 0x00000000a8e00000, 0x00000000e0000000)
  object space 145408K, 11% used [0x00000000a0000000,0x00000000a10b5f78,0x00000000a8e00000)
 Metaspace       used 53313K, capacity 55108K, committed 55168K, reserved 1097728K
  class space    used 7276K, capacity 7767K, committed 7808K, reserved 1048576K
Event: 63.487 GC heap after
Heap after GC invocations=12 (full 2):
 PSYoungGen      total 163840K, used 14830K [0x00000000e0000000, 0x00000000ebb00000, 0x0000000100000000)
  eden space 148992K, 0% used [0x00000000e0000000,0x00000000e0000000,0x00000000e9180000)
  from space 14848K, 99% used [0x00000000ea400000,0x00000000eb27bbc8,0x00000000eb280000)
  to   space 18944K, 0% used [0x00000000e9180000,0x00000000e9180000,0x00000000ea400000)
 ParOldGen       total 145408K, used 23598K [0x00000000a0000000, 0x00000000a8e00000, 0x00000000e0000000)
  object space 145408K, 16% used [0x00000000a0000000,0x00000000a170b9b0,0x00000000a8e00000)
 Metaspace       used 53313K, capacity 55108K, committed 55168K, reserved 1097728K
  class space    used 7276K, capacity 7767K, committed 7808K, reserved 1048576K
}
Event: 69.217 GC heap before
{Heap before GC invocations=13 (full 2):
 PSYoungGen      total 163840K, used 139886K [0x00000000e0000000, 0x00000000ebb00000, 0x0000000100000000)
  eden space 148992K, 83% used [0x00000000e0000000,0x00000000e7a1fdb0,0x00000000e9180000)
  from space 14848K, 99% used [0x00000000ea400000,0x00000000eb27bbc8,0x00000000eb280000)
  to   space 18944K, 0% used [0x00000000e9180000,0x00000000e9180000,0x00000000ea400000)
 ParOldGen       total 145408K, used 23598K [0x00000000a0000000, 0x00000000a8e00000, 0x00000000e0000000)
  object space 145408K, 16% used [0x00000000a0000000,0x00000000a170b9b0,0x00000000a8e00000)
 Metaspace       used 56442K, capacity 58824K, committed 59008K, reserved 1099776K
  class space    used 7727K, capacity 8298K, committed 8320K, reserved 1048576K
Event: 69.288 GC heap after
Heap after GC invocations=13 (full 2):
 PSYoungGen      total 167936K, used 18942K [0x00000000e0000000, 0x00000000f0500000, 0x0000000100000000)
  eden space 148992K, 0% used [0x00000000e0000000,0x00000000e0000000,0x00000000e9180000)
  from space 18944K, 99% used [0x00000000e9180000,0x00000000ea3ffbc8,0x00000000ea400000)
  to   space 25088K, 0% used [0x00000000eec80000,0x00000000eec80000,0x00000000f0500000)
 ParOldGen       total 145408K, used 35079K [0x00000000a0000000, 0x00000000a8e00000, 0x00000000e0000000)
  object space 145408K, 24% used [0x00000000a0000000,0x00000000a2241c80,0x00000000a8e00000)
 Metaspace       used 56442K, capacity 58824K, committed 59008K, reserved 1099776K
  class space    used 7727K, capacity 8298K, committed 8320K, reserved 1048576K
}
Event: 69.288 GC heap before
{Heap before GC invocations=14 (full 3):
 PSYoungGen      total 167936K, used 18942K [0x00000000e0000000, 0x00000000f0500000, 0x0000000100000000)
  eden space 148992K, 0% used [0x00000000e0000000,0x00000000e0000000,0x00000000e9180000)
  from space 18944K, 99% used [0x00000000e9180000,0x00000000ea3ffbc8,0x00000000ea400000)
  to   space 25088K, 0% used [0x00000000eec80000,0x00000000eec80000,0x00000000f0500000)
 ParOldGen       total 145408K, used 35079K [0x00000000a0000000, 0x00000000a8e00000, 0x00000000e0000000)
  object space 145408K, 24% used [0x00000000a0000000,0x00000000a2241c80,0x00000000a8e00000)
 Metaspace       used 56442K, capacity 58824K, committed 59008K, reserved 1099776K
  class space    used 7727K, capacity 8298K, committed 8320K, reserved 1048576K
Event: 69.705 GC heap after
Heap after GC invocations=14 (full 3):
 PSYoungGen      total 167936K, used 0K [0x00000000e0000000, 0x00000000f0500000, 0x0000000100000000)
  eden space 148992K, 0% used [0x00000000e0000000,0x00000000e0000000,0x00000000e9180000)
  from space 18944K, 0% used [0x00000000e9180000,0x00000000e9180000,0x00000000ea400000)
  to   space 25088K, 0% used [0x00000000eec80000,0x00000000eec80000,0x00000000f0500000)
 ParOldGen       total 213504K, used 49975K [0x00000000a0000000, 0x00000000ad080000, 0x00000000e0000000)
  object space 213504K, 23% used [0x00000000a0000000,0x00000000a30cdf68,0x00000000ad080000)
 Metaspace       used 56442K, capacity 58824K, committed 59008K, reserved 1099776K
  class space    used 7727K, capacity 8298K, committed 8320K, reserved 1048576K
}

