# JRE version: OpenJDK Runtime Environment (8.0_152-b01) (build 1.8.0_152-release-915-b01)
# Java VM: OpenJDK 64-Bit Server VM (25.152-b01 mixed mode windows-amd64 compressed oops)
Heap:
 PSYoungGen      total 241664K, used 163905K [0x00000000e0000000, 0x00000000f5200000, 0x0000000100000000)
  eden space 220160K, 74% used [0x00000000e0000000,0x00000000ea0104f0,0x00000000ed700000)
  from space 21504K, 0% used [0x00000000ed700000,0x00000000ed700000,0x00000000eec00000)
  to   space 28672K, 0% used [0x00000000f3600000,0x00000000f3600000,0x00000000f5200000)
 ParOldGen       total 248320K, used 47768K [0x00000000a0000000, 0x00000000af280000, 0x00000000e0000000)
  object space 248320K, 19% used [0x00000000a0000000,0x00000000a2ea61d8,0x00000000af280000)
 Metaspace       used 62245K, capacity 65076K, committed 65152K, reserved 1105920K
  class space    used 8330K, capacity 9024K, committed 9088K, reserved 1048576K
GC Heap History (10 events):
Event: 15.483 GC heap before
{Heap before GC invocations=8 (full 2):
 PSYoungGen      total 154624K, used 10334K [0x00000000e0000000, 0x00000000ec600000, 0x0000000100000000)
  eden space 141312K, 0% used [0x00000000e0000000,0x00000000e0000000,0x00000000e8a00000)
  from space 13312K, 77% used [0x00000000e9700000,0x00000000ea117bf8,0x00000000ea400000)
  to   space 13312K, 0% used [0x00000000e8a00000,0x00000000e8a00000,0x00000000e9700000)
 ParOldGen       total 110080K, used 6922K [0x00000000a0000000, 0x00000000a6b80000, 0x00000000e0000000)
  object space 110080K, 6% used [0x00000000a0000000,0x00000000a06c2820,0x00000000a6b80000)
 Metaspace       used 34503K, capacity 35304K, committed 35416K, reserved 1079296K
  class space    used 4706K, capacity 5034K, committed 5120K, reserved 1048576K
Event: 15.590 GC heap after
Heap after GC invocations=8 (full 2):
 PSYoungGen      total 154624K, used 0K [0x00000000e0000000, 0x00000000ec600000, 0x0000000100000000)
  eden space 141312K, 0% used [0x00000000e0000000,0x00000000e0000000,0x00000000e8a00000)
  from space 13312K, 0% used [0x00000000e9700000,0x00000000e9700000,0x00000000ea400000)
  to   space 13312K, 0% used [0x00000000e8a00000,0x00000000e8a00000,0x00000000e9700000)
 ParOldGen       total 168960K, used 16535K [0x00000000a0000000, 0x00000000aa500000, 0x00000000e0000000)
  object space 168960K, 9% used [0x00000000a0000000,0x00000000a1025ff8,0x00000000aa500000)
 Metaspace       used 34503K, capacity 35304K, committed 35416K, reserved 1079296K
  class space    used 4706K, capacity 5034K, committed 5120K, reserved 1048576K
}
Event: 26.309 GC heap before
{Heap before GC invocations=9 (full 2):
 PSYoungGen      total 154624K, used 141312K [0x00000000e0000000, 0x00000000ec600000, 0x0000000100000000)
  eden space 141312K, 100% used [0x00000000e0000000,0x00000000e8a00000,0x00000000e8a00000)
  from space 13312K, 0% used [0x00000000e9700000,0x00000000e9700000,0x00000000ea400000)
  to   space 13312K, 0% used [0x00000000e8a00000,0x00000000e8a00000,0x00000000e9700000)
 ParOldGen       total 168960K, used 16535K [0x00000000a0000000, 0x00000000aa500000, 0x00000000e0000000)
  object space 168960K, 9% used [0x00000000a0000000,0x00000000a1025ff8,0x00000000aa500000)
 Metaspace       used 46571K, capacity 47608K, committed 47744K, reserved 1089536K
  class space    used 6274K, capacity 6688K, committed 6784K, reserved 1048576K
Event: 27.714 GC heap after
Heap after GC invocations=9 (full 2):
 PSYoungGen      total 154624K, used 13288K [0x00000000e0000000, 0x00000000efc00000, 0x0000000100000000)
  eden space 141312K, 0% used [0x00000000e0000000,0x00000000e0000000,0x00000000e8a00000)
  from space 13312K, 99% used [0x00000000e8a00000,0x00000000e96fa160,0x00000000e9700000)
  to   space 15872K, 0% used [0x00000000eec80000,0x00000000eec80000,0x00000000efc00000)
 ParOldGen       total 168960K, used 18415K [0x00000000a0000000, 0x00000000aa500000, 0x00000000e0000000)
  object space 168960K, 10% used [0x00000000a0000000,0x00000000a11fbf20,0x00000000aa500000)
 Metaspace       used 46571K, capacity 47608K, committed 47744K, reserved 1089536K
  class space    used 6274K, capacity 6688K, committed 6784K, reserved 1048576K
}
Event: 30.282 GC heap before
{Heap before GC invocations=10 (full 2):
 PSYoungGen      total 154624K, used 154600K [0x00000000e0000000, 0x00000000efc00000, 0x0000000100000000)
  eden space 141312K, 100% used [0x00000000e0000000,0x00000000e8a00000,0x00000000e8a00000)
  from space 13312K, 99% used [0x00000000e8a00000,0x00000000e96fa160,0x00000000e9700000)
  to   space 15872K, 0% used [0x00000000eec80000,0x00000000eec80000,0x00000000efc00000)
 ParOldGen       total 168960K, used 18415K [0x00000000a0000000, 0x00000000aa500000, 0x00000000e0000000)
  object space 168960K, 10% used [0x00000000a0000000,0x00000000a11fbf20,0x00000000aa500000)
 Metaspace       used 53458K, capacity 55298K, committed 55424K, reserved 1097728K
  class space    used 7302K, capacity 7795K, committed 7808K, reserved 1048576K
Event: 30.339 GC heap after
Heap after GC invocations=10 (full 2):
 PSYoungGen      total 236032K, used 15854K [0x00000000e0000000, 0x00000000f0100000, 0x0000000100000000)
  eden space 220160K, 0% used [0x00000000e0000000,0x00000000e0000000,0x00000000ed700000)
  from space 15872K, 99% used [0x00000000eec80000,0x00000000efbfbbc8,0x00000000efc00000)
  to   space 21504K, 0% used [0x00000000ed700000,0x00000000ed700000,0x00000000eec00000)
 ParOldGen       total 168960K, used 26303K [0x00000000a0000000, 0x00000000aa500000, 0x00000000e0000000)
  object space 168960K, 15% used [0x00000000a0000000,0x00000000a19afd50,0x00000000aa500000)
 Metaspace       used 53458K, capacity 55298K, committed 55424K, reserved 1097728K
  class space    used 7302K, capacity 7795K, committed 7808K, reserved 1048576K
}
Event: 32.984 GC heap before
{Heap before GC invocations=11 (full 2):
 PSYoungGen      total 236032K, used 166634K [0x00000000e0000000, 0x00000000f0100000, 0x0000000100000000)
  eden space 220160K, 68% used [0x00000000e0000000,0x00000000e933ef50,0x00000000ed700000)
  from space 15872K, 99% used [0x00000000eec80000,0x00000000efbfbbc8,0x00000000efc00000)
  to   space 21504K, 0% used [0x00000000ed700000,0x00000000ed700000,0x00000000eec00000)
 ParOldGen       total 168960K, used 26303K [0x00000000a0000000, 0x00000000aa500000, 0x00000000e0000000)
  object space 168960K, 15% used [0x00000000a0000000,0x00000000a19afd50,0x00000000aa500000)
 Metaspace       used 56554K, capacity 58946K, committed 59008K, reserved 1099776K
  class space    used 7723K, capacity 8297K, committed 8320K, reserved 1048576K
Event: 33.044 GC heap after
Heap after GC invocations=11 (full 2):
 PSYoungGen      total 241664K, used 21478K [0x00000000e0000000, 0x00000000f5200000, 0x0000000100000000)
  eden space 220160K, 0% used [0x00000000e0000000,0x00000000e0000000,0x00000000ed700000)
  from space 21504K, 99% used [0x00000000ed700000,0x00000000eebf9b58,0x00000000eec00000)
  to   space 28672K, 0% used [0x00000000f3600000,0x00000000f3600000,0x00000000f5200000)
 ParOldGen       total 168960K, used 36587K [0x00000000a0000000, 0x00000000aa500000, 0x00000000e0000000)
  object space 168960K, 21% used [0x00000000a0000000,0x00000000a23bae10,0x00000000aa500000)
 Metaspace       used 56554K, capacity 58946K, committed 59008K, reserved 1099776K
  class space    used 7723K, capacity 8297K, committed 8320K, reserved 1048576K
}
Event: 33.044 GC heap before
{Heap before GC invocations=12 (full 3):
 PSYoungGen      total 241664K, used 21478K [0x00000000e0000000, 0x00000000f5200000, 0x0000000100000000)
  eden space 220160K, 0% used [0x00000000e0000000,0x00000000e0000000,0x00000000ed700000)
  from space 21504K, 99% used [0x00000000ed700000,0x00000000eebf9b58,0x00000000eec00000)
  to   space 28672K, 0% used [0x00000000f3600000,0x00000000f3600000,0x00000000f5200000)
 ParOldGen       total 168960K, used 36587K [0x00000000a0000000, 0x00000000aa500000, 0x00000000e0000000)
  object space 168960K, 21% used [0x00000000a0000000,0x00000000a23bae10,0x00000000aa500000)
 Metaspace       used 56554K, capacity 58946K, committed 59008K, reserved 1099776K
  class space    used 7723K, capacity 8297K, committed 8320K, reserved 1048576K
Event: 33.496 GC heap after
Heap after GC invocations=12 (full 3):
 PSYoungGen      total 241664K, used 0K [0x00000000e0000000, 0x00000000f5200000, 0x0000000100000000)
  eden space 220160K, 0% used [0x00000000e0000000,0x00000000e0000000,0x00000000ed700000)
  from space 21504K, 0% used [0x00000000ed700000,0x00000000ed700000,0x00000000eec00000)
  to   space 28672K, 0% used [0x00000000f3600000,0x00000000f3600000,0x00000000f5200000)
 ParOldGen       total 248320K, used 47768K [0x00000000a0000000, 0x00000000af280000, 0x00000000e0000000)
  object space 248320K, 19% used [0x00000000a0000000,0x00000000a2ea61d8,0x00000000af280000)
 Metaspace       used 56554K, capacity 58946K, committed 59008K, reserved 1099776K
  class space    used 7723K, capacity 8297K, committed 8320K, reserved 1048576K
}

