# JRE version: OpenJDK Runtime Environment (8.0_152-b01) (build 1.8.0_152-release-915-b01)
# Java VM: OpenJDK 64-Bit Server VM (25.152-b01 mixed mode windows-amd64 compressed oops)
Heap:
 PSYoungGen      total 398336K, used 101801K [0x00000000e0000000, 0x0000000100000000, 0x0000000100000000)
  eden space 375808K, 27% used [0x00000000e0000000,0x00000000e636a448,0x00000000f6f00000)
  from space 22528K, 0% used [0x00000000f6f00000,0x00000000f6f00000,0x00000000f8500000)
  to   space 32256K, 0% used [0x00000000fe080000,0x00000000fe080000,0x0000000100000000)
 ParOldGen       total 198656K, used 47967K [0x00000000a0000000, 0x00000000ac200000, 0x00000000e0000000)
  object space 198656K, 24% used [0x00000000a0000000,0x00000000a2ed7d08,0x00000000ac200000)
 Metaspace       used 59828K, capacity 62566K, committed 62720K, reserved 1103872K
  class space    used 7985K, capacity 8677K, committed 8704K, reserved 1048576K
GC Heap History (10 events):
Event: 17.340 GC heap before
{Heap before GC invocations=6 (full 1):
 PSYoungGen      total 237568K, used 84369K [0x00000000e0000000, 0x00000000f1500000, 0x0000000100000000)
  eden space 226816K, 32% used [0x00000000e0000000,0x00000000e47e4c38,0x00000000edd80000)
  from space 10752K, 99% used [0x00000000f0a80000,0x00000000f14ff8c8,0x00000000f1500000)
  to   space 10752K, 0% used [0x00000000f0000000,0x00000000f0000000,0x00000000f0a80000)
 ParOldGen       total 89088K, used 9204K [0x00000000a0000000, 0x00000000a5700000, 0x00000000e0000000)
  object space 89088K, 10% used [0x00000000a0000000,0x00000000a08fd0c0,0x00000000a5700000)
 Metaspace       used 34563K, capacity 35304K, committed 35416K, reserved 1079296K
  class space    used 4718K, capacity 5034K, committed 5120K, reserved 1048576K
Event: 17.368 GC heap after
Heap after GC invocations=6 (full 1):
 PSYoungGen      total 272896K, used 10194K [0x00000000e0000000, 0x00000000f9380000, 0x0000000100000000)
  eden space 262144K, 0% used [0x00000000e0000000,0x00000000e0000000,0x00000000f0000000)
  from space 10752K, 94% used [0x00000000f0000000,0x00000000f09f48b0,0x00000000f0a80000)
  to   space 14848K, 0% used [0x00000000f8500000,0x00000000f8500000,0x00000000f9380000)
 ParOldGen       total 89088K, used 9276K [0x00000000a0000000, 0x00000000a5700000, 0x00000000e0000000)
  object space 89088K, 10% used [0x00000000a0000000,0x00000000a090f0d0,0x00000000a5700000)
 Metaspace       used 34563K, capacity 35304K, committed 35416K, reserved 1079296K
  class space    used 4718K, capacity 5034K, committed 5120K, reserved 1048576K
}
Event: 17.368 GC heap before
{Heap before GC invocations=7 (full 2):
 PSYoungGen      total 272896K, used 10194K [0x00000000e0000000, 0x00000000f9380000, 0x0000000100000000)
  eden space 262144K, 0% used [0x00000000e0000000,0x00000000e0000000,0x00000000f0000000)
  from space 10752K, 94% used [0x00000000f0000000,0x00000000f09f48b0,0x00000000f0a80000)
  to   space 14848K, 0% used [0x00000000f8500000,0x00000000f8500000,0x00000000f9380000)
 ParOldGen       total 89088K, used 9276K [0x00000000a0000000, 0x00000000a5700000, 0x00000000e0000000)
  object space 89088K, 10% used [0x00000000a0000000,0x00000000a090f0d0,0x00000000a5700000)
 Metaspace       used 34563K, capacity 35304K, committed 35416K, reserved 1079296K
  class space    used 4718K, capacity 5034K, committed 5120K, reserved 1048576K
Event: 17.461 GC heap after
Heap after GC invocations=7 (full 2):
 PSYoungGen      total 272896K, used 0K [0x00000000e0000000, 0x00000000f9380000, 0x0000000100000000)
  eden space 262144K, 0% used [0x00000000e0000000,0x00000000e0000000,0x00000000f0000000)
  from space 10752K, 0% used [0x00000000f0000000,0x00000000f0000000,0x00000000f0a80000)
  to   space 14848K, 0% used [0x00000000f8500000,0x00000000f8500000,0x00000000f9380000)
 ParOldGen       total 124928K, used 16653K [0x00000000a0000000, 0x00000000a7a00000, 0x00000000e0000000)
  object space 124928K, 13% used [0x00000000a0000000,0x00000000a10437f0,0x00000000a7a00000)
 Metaspace       used 34563K, capacity 35304K, committed 35416K, reserved 1079296K
  class space    used 4718K, capacity 5034K, committed 5120K, reserved 1048576K
}
Event: 24.597 GC heap before
{Heap before GC invocations=8 (full 2):
 PSYoungGen      total 272896K, used 262144K [0x00000000e0000000, 0x00000000f9380000, 0x0000000100000000)
  eden space 262144K, 100% used [0x00000000e0000000,0x00000000f0000000,0x00000000f0000000)
  from space 10752K, 0% used [0x00000000f0000000,0x00000000f0000000,0x00000000f0a80000)
  to   space 14848K, 0% used [0x00000000f8500000,0x00000000f8500000,0x00000000f9380000)
 ParOldGen       total 124928K, used 16653K [0x00000000a0000000, 0x00000000a7a00000, 0x00000000e0000000)
  object space 124928K, 13% used [0x00000000a0000000,0x00000000a10437f0,0x00000000a7a00000)
 Metaspace       used 52857K, capacity 54680K, committed 54912K, reserved 1095680K
  class space    used 7217K, capacity 7723K, committed 7808K, reserved 1048576K
Event: 24.786 GC heap after
Heap after GC invocations=8 (full 2):
 PSYoungGen      total 390656K, used 14834K [0x00000000e0000000, 0x00000000fde00000, 0x0000000100000000)
  eden space 375808K, 0% used [0x00000000e0000000,0x00000000e0000000,0x00000000f6f00000)
  from space 14848K, 99% used [0x00000000f8500000,0x00000000f937ca38,0x00000000f9380000)
  to   space 22528K, 0% used [0x00000000f6f00000,0x00000000f6f00000,0x00000000f8500000)
 ParOldGen       total 124928K, used 26736K [0x00000000a0000000, 0x00000000a7a00000, 0x00000000e0000000)
  object space 124928K, 21% used [0x00000000a0000000,0x00000000a1a1c268,0x00000000a7a00000)
 Metaspace       used 52857K, capacity 54680K, committed 54912K, reserved 1095680K
  class space    used 7217K, capacity 7723K, committed 7808K, reserved 1048576K
}
Event: 31.488 GC heap before
{Heap before GC invocations=9 (full 2):
 PSYoungGen      total 390656K, used 197859K [0x00000000e0000000, 0x00000000fde00000, 0x0000000100000000)
  eden space 375808K, 48% used [0x00000000e0000000,0x00000000eb2bc2f0,0x00000000f6f00000)
  from space 14848K, 99% used [0x00000000f8500000,0x00000000f937ca38,0x00000000f9380000)
  to   space 22528K, 0% used [0x00000000f6f00000,0x00000000f6f00000,0x00000000f8500000)
 ParOldGen       total 124928K, used 26736K [0x00000000a0000000, 0x00000000a7a00000, 0x00000000e0000000)
  object space 124928K, 21% used [0x00000000a0000000,0x00000000a1a1c268,0x00000000a7a00000)
 Metaspace       used 56560K, capacity 58888K, committed 59008K, reserved 1099776K
  class space    used 7723K, capacity 8298K, committed 8320K, reserved 1048576K
Event: 31.552 GC heap after
Heap after GC invocations=9 (full 2):
 PSYoungGen      total 398336K, used 22526K [0x00000000e0000000, 0x0000000100000000, 0x0000000100000000)
  eden space 375808K, 0% used [0x00000000e0000000,0x00000000e0000000,0x00000000f6f00000)
  from space 22528K, 99% used [0x00000000f6f00000,0x00000000f84ffb48,0x00000000f8500000)
  to   space 32256K, 0% used [0x00000000fe080000,0x00000000fe080000,0x0000000100000000)
 ParOldGen       total 124928K, used 38877K [0x00000000a0000000, 0x00000000a7a00000, 0x00000000e0000000)
  object space 124928K, 31% used [0x00000000a0000000,0x00000000a25f74f8,0x00000000a7a00000)
 Metaspace       used 56560K, capacity 58888K, committed 59008K, reserved 1099776K
  class space    used 7723K, capacity 8298K, committed 8320K, reserved 1048576K
}
Event: 31.552 GC heap before
{Heap before GC invocations=10 (full 3):
 PSYoungGen      total 398336K, used 22526K [0x00000000e0000000, 0x0000000100000000, 0x0000000100000000)
  eden space 375808K, 0% used [0x00000000e0000000,0x00000000e0000000,0x00000000f6f00000)
  from space 22528K, 99% used [0x00000000f6f00000,0x00000000f84ffb48,0x00000000f8500000)
  to   space 32256K, 0% used [0x00000000fe080000,0x00000000fe080000,0x0000000100000000)
 ParOldGen       total 124928K, used 38877K [0x00000000a0000000, 0x00000000a7a00000, 0x00000000e0000000)
  object space 124928K, 31% used [0x00000000a0000000,0x00000000a25f74f8,0x00000000a7a00000)
 Metaspace       used 56560K, capacity 58888K, committed 59008K, reserved 1099776K
  class space    used 7723K, capacity 8298K, committed 8320K, reserved 1048576K
Event: 32.228 GC heap after
Heap after GC invocations=10 (full 3):
 PSYoungGen      total 398336K, used 0K [0x00000000e0000000, 0x0000000100000000, 0x0000000100000000)
  eden space 375808K, 0% used [0x00000000e0000000,0x00000000e0000000,0x00000000f6f00000)
  from space 22528K, 0% used [0x00000000f6f00000,0x00000000f6f00000,0x00000000f8500000)
  to   space 32256K, 0% used [0x00000000fe080000,0x00000000fe080000,0x0000000100000000)
 ParOldGen       total 198656K, used 47967K [0x00000000a0000000, 0x00000000ac200000, 0x00000000e0000000)
  object space 198656K, 24% used [0x00000000a0000000,0x00000000a2ed7d08,0x00000000ac200000)
 Metaspace       used 56560K, capacity 58888K, committed 59008K, reserved 1099776K
  class space    used 7723K, capacity 8298K, committed 8320K, reserved 1048576K
}

